<?xml version="1.0" encoding="UTF-8"?>
<testng-results ignored="0" total="1" passed="1" failed="0" skipped="0">
  <reporter-output>
  </reporter-output>
  <suite started-at="2025-06-01T10:38:03 IST" name="Default suite" finished-at="2025-06-01T10:38:20 IST" duration-ms="16727">
    <groups>
    </groups>
    <test started-at="2025-06-01T10:38:03 IST" name="Default test" finished-at="2025-06-01T10:38:20 IST" duration-ms="16727">
      <class name="test.LoginTest">
        <test-method is-config="true" signature="setupReport()[pri:0, instance:test.LoginTest@24269709]" started-at="2025-06-01T10:38:03 IST" name="setupReport" finished-at="2025-06-01T10:38:03 IST" duration-ms="559" status="PASS">
          <reporter-output>
          </reporter-output>
        </test-method> <!-- setupReport -->
        <test-method is-config="true" signature="setup()[pri:0, instance:test.LoginTest@24269709]" started-at="2025-06-01T10:38:03 IST" name="setup" finished-at="2025-06-01T10:38:15 IST" duration-ms="12247" status="PASS">
          <reporter-output>
          </reporter-output>
        </test-method> <!-- setup -->
        <test-method signature="testvalidlogin()[pri:0, instance:test.LoginTest@24269709]" started-at="2025-06-01T10:38:15 IST" name="testvalidlogin" finished-at="2025-06-01T10:38:19 IST" duration-ms="4075" status="PASS">
          <reporter-output>
          </reporter-output>
        </test-method> <!-- testvalidlogin -->
        <test-method is-config="true" signature="teardown(org.testng.ITestResult)[pri:0, instance:test.LoginTest@24269709]" started-at="2025-06-01T10:38:19 IST" name="teardown" finished-at="2025-06-01T10:38:20 IST" duration-ms="350" status="PASS">
          <params>
            <param index="0">
              <value>
                <![CDATA[[TestResult name=testvalidlogin status=SUCCESS method=LoginTest.testvalidlogin()[pri:0, instance:test.LoginTest@24269709] output={null}]]]>
              </value>
            </param>
          </params>
          <reporter-output>
          </reporter-output>
        </test-method> <!-- teardown -->
        <test-method is-config="true" signature="teardownReport()[pri:0, instance:test.LoginTest@24269709]" started-at="2025-06-01T10:38:20 IST" name="teardownReport" finished-at="2025-06-01T10:38:28 IST" duration-ms="8006" status="PASS">
          <reporter-output>
          </reporter-output>
        </test-method> <!-- teardownReport -->
      </class> <!-- test.LoginTest -->
    </test> <!-- Default test -->
  </suite> <!-- Default suite -->
</testng-results>
